Determining if the pthread_create exist failed with the following output:
Change Dir: /home/vincent/vincent-dev/realsense_acp_robot/build/CMakeFiles/CMakeTmp

Run Build Command:"/usr/bin/make" "cmTC_61c75/fast"
/usr/bin/make -f CMakeFiles/cmTC_61c75.dir/build.make CMakeFiles/cmTC_61c75.dir/build
make[1]: Entering directory '/home/vincent/vincent-dev/realsense_acp_robot/build/CMakeFiles/CMakeTmp'
Building C object CMakeFiles/cmTC_61c75.dir/CheckSymbolExists.c.o
/usr/bin/cc    -o CMakeFiles/cmTC_61c75.dir/CheckSymbolExists.c.o   -c /home/vincent/vincent-dev/realsense_acp_robot/build/CMakeFiles/CMakeTmp/CheckSymbolExists.c
Linking C executable cmTC_61c75
/usr/bin/cmake -E cmake_link_script CMakeFiles/cmTC_61c75.dir/link.txt --verbose=1
/usr/bin/cc      -rdynamic CMakeFiles/cmTC_61c75.dir/CheckSymbolExists.c.o  -o cmTC_61c75 
CMakeFiles/cmTC_61c75.dir/CheckSymbolExists.c.o: In function `main':
CheckSymbolExists.c:(.text+0x1b): undefined reference to `pthread_create'
collect2: error: ld returned 1 exit status
CMakeFiles/cmTC_61c75.dir/build.make:97: recipe for target 'cmTC_61c75' failed
make[1]: *** [cmTC_61c75] Error 1
make[1]: Leaving directory '/home/vincent/vincent-dev/realsense_acp_robot/build/CMakeFiles/CMakeTmp'
Makefile:126: recipe for target 'cmTC_61c75/fast' failed
make: *** [cmTC_61c75/fast] Error 2

File /home/vincent/vincent-dev/realsense_acp_robot/build/CMakeFiles/CMakeTmp/CheckSymbolExists.c:
/* */
#include <pthread.h>

int main(int argc, char** argv)
{
  (void)argv;
#ifndef pthread_create
  return ((int*)(&pthread_create))[argc];
#else
  (void)argc;
  return 0;
#endif
}

Determining if the function pthread_create exists in the pthreads failed with the following output:
Change Dir: /home/vincent/vincent-dev/realsense_acp_robot/build/CMakeFiles/CMakeTmp

Run Build Command:"/usr/bin/make" "cmTC_31f35/fast"
/usr/bin/make -f CMakeFiles/cmTC_31f35.dir/build.make CMakeFiles/cmTC_31f35.dir/build
make[1]: Entering directory '/home/vincent/vincent-dev/realsense_acp_robot/build/CMakeFiles/CMakeTmp'
Building C object CMakeFiles/cmTC_31f35.dir/CheckFunctionExists.c.o
/usr/bin/cc   -DCHECK_FUNCTION_EXISTS=pthread_create   -o CMakeFiles/cmTC_31f35.dir/CheckFunctionExists.c.o   -c /usr/share/cmake-3.10/Modules/CheckFunctionExists.c
Linking C executable cmTC_31f35
/usr/bin/cmake -E cmake_link_script CMakeFiles/cmTC_31f35.dir/link.txt --verbose=1
/usr/bin/cc  -DCHECK_FUNCTION_EXISTS=pthread_create    -rdynamic CMakeFiles/cmTC_31f35.dir/CheckFunctionExists.c.o  -o cmTC_31f35 -lpthreads 
/usr/bin/ld: cannot find -lpthreads
collect2: error: ld returned 1 exit status
CMakeFiles/cmTC_31f35.dir/build.make:97: recipe for target 'cmTC_31f35' failed
make[1]: *** [cmTC_31f35] Error 1
make[1]: Leaving directory '/home/vincent/vincent-dev/realsense_acp_robot/build/CMakeFiles/CMakeTmp'
Makefile:126: recipe for target 'cmTC_31f35/fast' failed
make: *** [cmTC_31f35/fast] Error 2


